TN:
SF:src/app.ts
FNF:0
FNH:0
DA:1,1
DA:2,1
DA:5,1
DA:7,1
DA:8,1
DA:9,1
DA:12,1
DA:15,1
LF:8
LH:8
BRF:0
BRH:0
end_of_record
TN:
SF:src/contexts/users/application/User.use-case.ts
FN:4,(anonymous_0)
FN:6,(anonymous_1)
FNF:2
FNH:2
FNDA:2,(anonymous_0)
FNDA:2,(anonymous_1)
DA:7,2
DA:8,2
LF:2
LH:2
BRF:0
BRH:0
end_of_record
TN:
SF:src/contexts/users/domain/User.entity.ts
FN:11,(anonymous_0)
FN:13,(anonymous_1)
FN:22,(anonymous_2)
FNF:3
FNH:3
FNDA:4,(anonymous_0)
FNDA:4,(anonymous_1)
FNDA:4,(anonymous_2)
DA:9,4
DA:14,4
DA:15,4
DA:17,4
DA:19,3
DA:24,4
DA:26,3
DA:31,3
LF:8
LH:8
BRDA:17,0,0,1
BRDA:17,0,1,3
BRF:2
BRH:2
end_of_record
TN:
SF:src/contexts/users/infrastructure/User.repository.ts
FN:12,(anonymous_0)
FN:14,(anonymous_1)
FNF:2
FNH:2
FNDA:1,(anonymous_0)
FNDA:1,(anonymous_1)
DA:10,1
DA:15,1
DA:21,1
LF:3
LH:3
BRF:0
BRH:0
end_of_record
TN:
SF:src/contexts/users/interfaces/User.controller.ts
FN:5,(anonymous_0)
FN:7,(anonymous_1)
FNF:2
FNH:2
FNDA:2,(anonymous_0)
FNDA:1,(anonymous_1)
DA:8,1
DA:10,1
DA:11,1
DA:13,1
LF:4
LH:4
BRF:0
BRH:0
end_of_record
